Unlinked Node Modules
➤ YN0000: · Yarn 4.11.0
➤ YN0000: ┌ Resolution step
➤ YN0085: │ + @eslint/eslintrc@npm:3.3.1, @eslint/js@npm:9.39.1, @nestjs/bullmq@npm:11.0.4, @nestjs/cli@npm:11.0.12, @nestjs/common@npm:11.1.9, and 971 more.
➤ YN0000: └ Completed in 2s 845ms
➤ YN0000: ┌ Post-resolution validation
➤ YN0002: │ nodejs_space@workspace:. doesn't provide webpack (p687b73), requested by ts-loader.
➤ YN0086: │ Some peer dependencies are incorrectly met by your project; run yarn explain peer-requirements <hash> for details, where <hash> is the six-letter p-prefixed code.
➤ YN0086: │ Some peer dependencies are incorrectly met by dependencies; run yarn explain peer-requirements for details.
➤ YN0000: └ Completed
➤ YN0000: ┌ Fetch step
➤ YN0013: │ 528 packages were added to the project (+ 209.53 MiB).
➤ YN0000: └ Completed in 2s 365ms
➤ YN0000: ┌ Link step
➤ YN0007: │ @nestjs/core@npm:11.1.9 [460b9] must be built because it never has been before or the last one failed
➤ YN0007: │ puppeteer@npm:24.31.0 must be built because it never has been before or the last one failed
➤ YN0007: │ @prisma/engines@npm:5.22.0 must be built because it never has been before or the last one failed
➤ YN0007: │ msgpackr-extract@npm:3.0.3 must be built because it never has been before or the last one failed
➤ YN0007: │ @scarf/scarf@npm:1.4.0 must be built because it never has been before or the last one failed
➤ YN0007: │ unrs-resolver@npm:1.11.1 must be built because it never has been before or the last one failed
➤ YN0007: │ prisma@npm:5.22.0 must be built because it never has been before or the last one failed
➤ YN0007: │ @prisma/client@npm:5.22.0 [460b9] must be built because it never has been before or the last one failed
➤ YN0000: └ Completed in 21s 211ms
➤ YN0000: · Done with warnings in 26s 552ms
Environment variables loaded from .env
Prisma schema loaded from prisma/schema.prisma

✔ Generated Prisma Client (v5.22.0) to ./../../../../opt/hostedapp/node/root/nodejs/node_modules/@prisma/client in 88ms

Start by importing your Prisma Client (See: https://pris.ly/d/importing-client)

Tip: Want to turn off tips and other hints? https://pris.ly/tip-4-nohints

Deleting node modules at /home/ubuntu/letip_lead_system/dashboard/node_modules
