[2J[3J[H[[90m12:39:19 AM[0m] Starting compilation in watch mode...

[[90m12:39:22 AM[0m] Found 0 errors. Watching for file changes.

Dashboard path found: /home/ubuntu/letip_lead_system/dashboard/out
[32m[Nest] 1009  - [39m11/22/2025, 12:39:23 AM [32m    LOG[39m [38;5;3m[NestFactory] [39m[32mStarting Nest application...[39m
[32m[Nest] 1009  - [39m11/22/2025, 12:39:23 AM [32m    LOG[39m [38;5;3m[InstanceLoader] [39m[32mPrismaModule dependencies initialized[39m[38;5;3m +12ms[39m
[32m[Nest] 1009  - [39m11/22/2025, 12:39:23 AM [32m    LOG[39m [38;5;3m[InstanceLoader] [39m[32mWebsocketModule dependencies initialized[39m[38;5;3m +0ms[39m
[32m[Nest] 1009  - [39m11/22/2025, 12:39:23 AM [32m    LOG[39m [38;5;3m[InstanceLoader] [39m[32mConfigHostModule dependencies initialized[39m[38;5;3m +0ms[39m
[32m[Nest] 1009  - [39m11/22/2025, 12:39:23 AM [32m    LOG[39m [38;5;3m[ConfigService] [39m[32mAPI secrets loaded successfully[39m
[32m[Nest] 1009  - [39m11/22/2025, 12:39:23 AM [32m    LOG[39m [38;5;3m[InstanceLoader] [39m[32mAppModule dependencies initialized[39m[38;5;3m +0ms[39m
[32m[Nest] 1009  - [39m11/22/2025, 12:39:23 AM [32m    LOG[39m [38;5;3m[InstanceLoader] [39m[32mConfigModule dependencies initialized[39m[38;5;3m +0ms[39m
[32m[Nest] 1009  - [39m11/22/2025, 12:39:23 AM [32m    LOG[39m [38;5;3m[InstanceLoader] [39m[32mServeStaticModule dependencies initialized[39m[38;5;3m +0ms[39m
[32m[Nest] 1009  - [39m11/22/2025, 12:39:23 AM [32m    LOG[39m [38;5;3m[InstanceLoader] [39m[32mConfigModule dependencies initialized[39m[38;5;3m +0ms[39m
[32m[Nest] 1009  - [39m11/22/2025, 12:39:23 AM [32m    LOG[39m [38;5;3m[InstanceLoader] [39m[32mScraperModule dependencies initialized[39m[38;5;3m +1ms[39m
[32m[Nest] 1009  - [39m11/22/2025, 12:39:23 AM [32m    LOG[39m [38;5;3m[InstanceLoader] [39m[32mBusinessesModule dependencies initialized[39m[38;5;3m +0ms[39m
[32m[Nest] 1009  - [39m11/22/2025, 12:39:23 AM [32m    LOG[39m [38;5;3m[InstanceLoader] [39m[32mTelegramModule dependencies initialized[39m[38;5;3m +0ms[39m
[32m[Nest] 1009  - [39m11/22/2025, 12:39:23 AM [32m    LOG[39m [38;5;3m[InstanceLoader] [39m[32mOutreachModule dependencies initialized[39m[38;5;3m +0ms[39m
[32m[Nest] 1009  - [39m11/22/2025, 12:39:23 AM [32m    LOG[39m [38;5;3m[InstanceLoader] [39m[32mEnrichmentModule dependencies initialized[39m[38;5;3m +0ms[39m
[32m[Nest] 1009  - [39m11/22/2025, 12:39:23 AM [32m    LOG[39m [38;5;3m[WebSocketsController] [39m[32mEventsGateway subscribed to the "ping" message[39m[38;5;3m +18ms[39m
[32m[Nest] 1009  - [39m11/22/2025, 12:39:23 AM [32m    LOG[39m [38;5;3m[RoutesResolver] [39m[32mAppController {/}:[39m[38;5;3m +0ms[39m
[32m[Nest] 1009  - [39m11/22/2025, 12:39:23 AM [32m    LOG[39m [38;5;3m[RouterExplorer] [39m[32mMapped {/, GET} route[39m[38;5;3m +1ms[39m
[32m[Nest] 1009  - [39m11/22/2025, 12:39:23 AM [32m    LOG[39m [38;5;3m[RouterExplorer] [39m[32mMapped {/health, GET} route[39m[38;5;3m +0ms[39m
[32m[Nest] 1009  - [39m11/22/2025, 12:39:23 AM [32m    LOG[39m [38;5;3m[RoutesResolver] [39m[32mBusinessesController {/api/businesses}:[39m[38;5;3m +0ms[39m
[32m[Nest] 1009  - [39m11/22/2025, 12:39:23 AM [32m    LOG[39m [38;5;3m[RouterExplorer] [39m[32mMapped {/api/businesses, POST} route[39m[38;5;3m +1ms[39m
[32m[Nest] 1009  - [39m11/22/2025, 12:39:23 AM [32m    LOG[39m [38;5;3m[RouterExplorer] [39m[32mMapped {/api/businesses, GET} route[39m[38;5;3m +0ms[39m
[32m[Nest] 1009  - [39m11/22/2025, 12:39:23 AM [32m    LOG[39m [38;5;3m[RouterExplorer] [39m[32mMapped {/api/businesses/stats, GET} route[39m[38;5;3m +0ms[39m
[32m[Nest] 1009  - [39m11/22/2025, 12:39:23 AM [32m    LOG[39m [38;5;3m[RouterExplorer] [39m[32mMapped {/api/businesses/:id, GET} route[39m[38;5;3m +0ms[39m
[32m[Nest] 1009  - [39m11/22/2025, 12:39:23 AM [32m    LOG[39m [38;5;3m[RouterExplorer] [39m[32mMapped {/api/businesses/:id, DELETE} route[39m[38;5;3m +0ms[39m
[32m[Nest] 1009  - [39m11/22/2025, 12:39:23 AM [32m    LOG[39m [38;5;3m[RoutesResolver] [39m[32mScraperController {/api/scrape}:[39m[38;5;3m +1ms[39m
[32m[Nest] 1009  - [39m11/22/2025, 12:39:23 AM [32m    LOG[39m [38;5;3m[RouterExplorer] [39m[32mMapped {/api/scrape, POST} route[39m[38;5;3m +0ms[39m
[32m[Nest] 1009  - [39m11/22/2025, 12:39:23 AM [32m    LOG[39m [38;5;3m[RoutesResolver] [39m[32mEnrichmentController {/api/enrich}:[39m[38;5;3m +0ms[39m
[32m[Nest] 1009  - [39m11/22/2025, 12:39:23 AM [32m    LOG[39m [38;5;3m[RouterExplorer] [39m[32mMapped {/api/enrich/:id, POST} route[39m[38;5;3m +0ms[39m
[32m[Nest] 1009  - [39m11/22/2025, 12:39:23 AM [32m    LOG[39m [38;5;3m[RouterExplorer] [39m[32mMapped {/api/enrich/batch/process, POST} route[39m[38;5;3m +0ms[39m
[32m[Nest] 1009  - [39m11/22/2025, 12:39:23 AM [32m    LOG[39m [38;5;3m[RoutesResolver] [39m[32mOutreachController {/api/outreach}:[39m[38;5;3m +0ms[39m
[32m[Nest] 1009  - [39m11/22/2025, 12:39:23 AM [32m    LOG[39m [38;5;3m[RouterExplorer] [39m[32mMapped {/api/outreach/:id, POST} route[39m[38;5;3m +0ms[39m
[32m[Nest] 1009  - [39m11/22/2025, 12:39:23 AM [32m    LOG[39m [38;5;3m[RouterExplorer] [39m[32mMapped {/api/outreach/:id, GET} route[39m[38;5;3m +1ms[39m
[32m[Nest] 1009  - [39m11/22/2025, 12:39:23 AM [32m    LOG[39m [38;5;3m[PrismaService] [39m[32mConnected to database[39m
[33m[Nest] 1009  - [39m11/22/2025, 12:39:23 AM [33m   WARN[39m [38;5;3m[ConfigService] [39m[33mSecret not found: telegram.bot_token[39m
[33m[Nest] 1009  - [39m11/22/2025, 12:39:23 AM [33m   WARN[39m [38;5;3m[TelegramService] [39m[33mTelegram bot token not configured. Bot will not start.[39m
[32m[Nest] 1009  - [39m11/22/2025, 12:39:23 AM [32m    LOG[39m [38;5;3m[NestApplication] [39m[32mNest application successfully started[39m[38;5;3m +0ms[39m

â•”â•â•â•â•â•â•â•â•â•â•â•â•â•â•â•â•â•â•â•â•â•â•â•â•â•â•â•â•â•â•â•â•â•â•â•â•â•â•â•â•â•â•â•â•â•â•â•â•â•â•â•â•â•â•â•â•â•â•â•â•â•â•â•—
â•‘  Le Tip Lead System API                                      â•‘
â• â•â•â•â•â•â•â•â•â•â•â•â•â•â•â•â•â•â•â•â•â•â•â•â•â•â•â•â•â•â•â•â•â•â•â•â•â•â•â•â•â•â•â•â•â•â•â•â•â•â•â•â•â•â•â•â•â•â•â•â•â•â•â•£
â•‘  Server running on: http://localhost:3000                    â•‘
â•‘  API Documentation: http://localhost:3000/api-docs           â•‘
â•šâ•â•â•â•â•â•â•â•â•â•â•â•â•â•â•â•â•â•â•â•â•â•â•â•â•â•â•â•â•â•â•â•â•â•â•â•â•â•â•â•â•â•â•â•â•â•â•â•â•â•â•â•â•â•â•â•â•â•â•â•â•â•â•
  
